2025-06-04T12:42:22: Error getting categories: TypeError: Cannot read properties of null (reading 'select')
2025-06-04T12:42:22:     at HybridStorage.getCategories (file:///Users/xb21/P57/dist/index.js:474:33)
2025-06-04T12:42:22:     at file:///Users/xb21/P57/dist/index.js:577:41
2025-06-04T12:42:22:     at Layer.handle [as handle_request] (/Users/xb21/P57/node_modules/express/lib/router/layer.js:95:5)
2025-06-04T12:42:22:     at next (/Users/xb21/P57/node_modules/express/lib/router/route.js:149:13)
2025-06-04T12:42:22:     at Route.dispatch (/Users/xb21/P57/node_modules/express/lib/router/route.js:119:3)
2025-06-04T12:42:22:     at Layer.handle [as handle_request] (/Users/xb21/P57/node_modules/express/lib/router/layer.js:95:5)
2025-06-04T12:42:22:     at /Users/xb21/P57/node_modules/express/lib/router/index.js:284:15
2025-06-04T12:42:22:     at Function.process_params (/Users/xb21/P57/node_modules/express/lib/router/index.js:346:12)
2025-06-04T12:42:22:     at next (/Users/xb21/P57/node_modules/express/lib/router/index.js:280:10)
2025-06-04T12:42:22:     at file:///Users/xb21/P57/dist/index.js:733:3
2025-06-04T12:42:36: Error getting categories: TypeError: Cannot read properties of null (reading 'select')
2025-06-04T12:42:36:     at HybridStorage.getCategories (file:///Users/xb21/P57/dist/index.js:474:33)
2025-06-04T12:42:36:     at file:///Users/xb21/P57/dist/index.js:577:41
2025-06-04T12:42:36:     at Layer.handle [as handle_request] (/Users/xb21/P57/node_modules/express/lib/router/layer.js:95:5)
2025-06-04T12:42:36:     at next (/Users/xb21/P57/node_modules/express/lib/router/route.js:149:13)
2025-06-04T12:42:36:     at Route.dispatch (/Users/xb21/P57/node_modules/express/lib/router/route.js:119:3)
2025-06-04T12:42:36:     at Layer.handle [as handle_request] (/Users/xb21/P57/node_modules/express/lib/router/layer.js:95:5)
2025-06-04T12:42:36:     at /Users/xb21/P57/node_modules/express/lib/router/index.js:284:15
2025-06-04T12:42:36:     at Function.process_params (/Users/xb21/P57/node_modules/express/lib/router/index.js:346:12)
2025-06-04T12:42:36:     at next (/Users/xb21/P57/node_modules/express/lib/router/index.js:280:10)
2025-06-04T12:42:36:     at file:///Users/xb21/P57/dist/index.js:733:3
2025-06-04T12:43:07: Error getting categories: TypeError: Cannot read properties of null (reading 'select')
2025-06-04T12:43:07:     at HybridStorage.getCategories (file:///Users/xb21/P57/dist/index.js:474:33)
2025-06-04T12:43:07:     at file:///Users/xb21/P57/dist/index.js:577:41
2025-06-04T12:43:07:     at Layer.handle [as handle_request] (/Users/xb21/P57/node_modules/express/lib/router/layer.js:95:5)
2025-06-04T12:43:07:     at next (/Users/xb21/P57/node_modules/express/lib/router/route.js:149:13)
2025-06-04T12:43:07:     at Route.dispatch (/Users/xb21/P57/node_modules/express/lib/router/route.js:119:3)
2025-06-04T12:43:07:     at Layer.handle [as handle_request] (/Users/xb21/P57/node_modules/express/lib/router/layer.js:95:5)
2025-06-04T12:43:07:     at /Users/xb21/P57/node_modules/express/lib/router/index.js:284:15
2025-06-04T12:43:07:     at Function.process_params (/Users/xb21/P57/node_modules/express/lib/router/index.js:346:12)
2025-06-04T12:43:07:     at next (/Users/xb21/P57/node_modules/express/lib/router/index.js:280:10)
2025-06-04T12:43:07:     at file:///Users/xb21/P57/dist/index.js:733:3
2025-06-04T12:56:13: Error getting protocol: TypeError: Cannot read properties of null (reading 'select')
2025-06-04T12:56:13:     at HybridStorage.getProtocol (file:///Users/xb21/P57/dist/index.js:413:33)
2025-06-04T12:56:13:     at file:///Users/xb21/P57/dist/index.js:559:38
2025-06-04T12:56:13:     at Layer.handle [as handle_request] (/Users/xb21/P57/node_modules/express/lib/router/layer.js:95:5)
2025-06-04T12:56:13:     at next (/Users/xb21/P57/node_modules/express/lib/router/route.js:149:13)
2025-06-04T12:56:13:     at Route.dispatch (/Users/xb21/P57/node_modules/express/lib/router/route.js:119:3)
2025-06-04T12:56:13:     at Layer.handle [as handle_request] (/Users/xb21/P57/node_modules/express/lib/router/layer.js:95:5)
2025-06-04T12:56:13:     at /Users/xb21/P57/node_modules/express/lib/router/index.js:284:15
2025-06-04T12:56:13:     at param (/Users/xb21/P57/node_modules/express/lib/router/index.js:365:14)
2025-06-04T12:56:13:     at param (/Users/xb21/P57/node_modules/express/lib/router/index.js:376:14)
2025-06-04T12:56:13:     at Function.process_params (/Users/xb21/P57/node_modules/express/lib/router/index.js:421:3)
2025-06-04T12:56:17: Error getting protocol: TypeError: Cannot read properties of null (reading 'select')
2025-06-04T12:56:17:     at HybridStorage.getProtocol (file:///Users/xb21/P57/dist/index.js:413:33)
2025-06-04T12:56:17:     at file:///Users/xb21/P57/dist/index.js:559:38
2025-06-04T12:56:17:     at Layer.handle [as handle_request] (/Users/xb21/P57/node_modules/express/lib/router/layer.js:95:5)
2025-06-04T12:56:17:     at next (/Users/xb21/P57/node_modules/express/lib/router/route.js:149:13)
2025-06-04T12:56:17:     at Route.dispatch (/Users/xb21/P57/node_modules/express/lib/router/route.js:119:3)
2025-06-04T12:56:17:     at Layer.handle [as handle_request] (/Users/xb21/P57/node_modules/express/lib/router/layer.js:95:5)
2025-06-04T12:56:17:     at /Users/xb21/P57/node_modules/express/lib/router/index.js:284:15
2025-06-04T12:56:17:     at param (/Users/xb21/P57/node_modules/express/lib/router/index.js:365:14)
2025-06-04T12:56:17:     at param (/Users/xb21/P57/node_modules/express/lib/router/index.js:376:14)
2025-06-04T12:56:17:     at Function.process_params (/Users/xb21/P57/node_modules/express/lib/router/index.js:421:3)
2025-06-04T12:56:20: Error getting protocol: TypeError: Cannot read properties of null (reading 'select')
2025-06-04T12:56:20:     at HybridStorage.getProtocol (file:///Users/xb21/P57/dist/index.js:413:33)
2025-06-04T12:56:20:     at file:///Users/xb21/P57/dist/index.js:559:38
2025-06-04T12:56:20:     at Layer.handle [as handle_request] (/Users/xb21/P57/node_modules/express/lib/router/layer.js:95:5)
2025-06-04T12:56:20:     at next (/Users/xb21/P57/node_modules/express/lib/router/route.js:149:13)
2025-06-04T12:56:20:     at Route.dispatch (/Users/xb21/P57/node_modules/express/lib/router/route.js:119:3)
2025-06-04T12:56:20:     at Layer.handle [as handle_request] (/Users/xb21/P57/node_modules/express/lib/router/layer.js:95:5)
2025-06-04T12:56:20:     at /Users/xb21/P57/node_modules/express/lib/router/index.js:284:15
2025-06-04T12:56:20:     at param (/Users/xb21/P57/node_modules/express/lib/router/index.js:365:14)
2025-06-04T12:56:20:     at param (/Users/xb21/P57/node_modules/express/lib/router/index.js:376:14)
2025-06-04T12:56:20:     at Function.process_params (/Users/xb21/P57/node_modules/express/lib/router/index.js:421:3)
2025-06-04T12:56:22: Error getting protocol: TypeError: Cannot read properties of null (reading 'select')
2025-06-04T12:56:22:     at HybridStorage.getProtocol (file:///Users/xb21/P57/dist/index.js:413:33)
2025-06-04T12:56:22:     at file:///Users/xb21/P57/dist/index.js:559:38
2025-06-04T12:56:22:     at Layer.handle [as handle_request] (/Users/xb21/P57/node_modules/express/lib/router/layer.js:95:5)
2025-06-04T12:56:22:     at next (/Users/xb21/P57/node_modules/express/lib/router/route.js:149:13)
2025-06-04T12:56:22:     at Route.dispatch (/Users/xb21/P57/node_modules/express/lib/router/route.js:119:3)
2025-06-04T12:56:22:     at Layer.handle [as handle_request] (/Users/xb21/P57/node_modules/express/lib/router/layer.js:95:5)
2025-06-04T12:56:22:     at /Users/xb21/P57/node_modules/express/lib/router/index.js:284:15
2025-06-04T12:56:22:     at param (/Users/xb21/P57/node_modules/express/lib/router/index.js:365:14)
2025-06-04T12:56:22:     at param (/Users/xb21/P57/node_modules/express/lib/router/index.js:376:14)
2025-06-04T12:56:22:     at Function.process_params (/Users/xb21/P57/node_modules/express/lib/router/index.js:421:3)
2025-06-04T12:56:25: Error getting protocol: TypeError: Cannot read properties of null (reading 'select')
2025-06-04T12:56:25:     at HybridStorage.getProtocol (file:///Users/xb21/P57/dist/index.js:413:33)
2025-06-04T12:56:25:     at file:///Users/xb21/P57/dist/index.js:559:38
2025-06-04T12:56:25:     at Layer.handle [as handle_request] (/Users/xb21/P57/node_modules/express/lib/router/layer.js:95:5)
2025-06-04T12:56:25:     at next (/Users/xb21/P57/node_modules/express/lib/router/route.js:149:13)
2025-06-04T12:56:25:     at Route.dispatch (/Users/xb21/P57/node_modules/express/lib/router/route.js:119:3)
2025-06-04T12:56:25:     at Layer.handle [as handle_request] (/Users/xb21/P57/node_modules/express/lib/router/layer.js:95:5)
2025-06-04T12:56:25:     at /Users/xb21/P57/node_modules/express/lib/router/index.js:284:15
2025-06-04T12:56:25:     at param (/Users/xb21/P57/node_modules/express/lib/router/index.js:365:14)
2025-06-04T12:56:25:     at param (/Users/xb21/P57/node_modules/express/lib/router/index.js:376:14)
2025-06-04T12:56:25:     at Function.process_params (/Users/xb21/P57/node_modules/express/lib/router/index.js:421:3)
2025-06-04T12:57:19: Error getting protocol: TypeError: Cannot read properties of null (reading 'select')
2025-06-04T12:57:19:     at HybridStorage.getProtocol (file:///Users/xb21/P57/dist/index.js:413:33)
2025-06-04T12:57:19:     at file:///Users/xb21/P57/dist/index.js:559:38
2025-06-04T12:57:19:     at Layer.handle [as handle_request] (/Users/xb21/P57/node_modules/express/lib/router/layer.js:95:5)
2025-06-04T12:57:19:     at next (/Users/xb21/P57/node_modules/express/lib/router/route.js:149:13)
2025-06-04T12:57:19:     at Route.dispatch (/Users/xb21/P57/node_modules/express/lib/router/route.js:119:3)
2025-06-04T12:57:19:     at Layer.handle [as handle_request] (/Users/xb21/P57/node_modules/express/lib/router/layer.js:95:5)
2025-06-04T12:57:19:     at /Users/xb21/P57/node_modules/express/lib/router/index.js:284:15
2025-06-04T12:57:19:     at param (/Users/xb21/P57/node_modules/express/lib/router/index.js:365:14)
2025-06-04T12:57:19:     at param (/Users/xb21/P57/node_modules/express/lib/router/index.js:376:14)
2025-06-04T12:57:19:     at Function.process_params (/Users/xb21/P57/node_modules/express/lib/router/index.js:421:3)
2025-06-04T13:21:56: Error searching protocols: TypeError: Cannot read properties of null (reading 'select')
2025-06-04T13:21:56:     at HybridStorage.searchProtocols (file:///Users/xb21/P57/dist/index.js:530:33)
2025-06-04T13:21:56:     at file:///Users/xb21/P57/dist/index.js:598:36
2025-06-04T13:21:56:     at Layer.handle [as handle_request] (/Users/xb21/P57/node_modules/express/lib/router/layer.js:95:5)
2025-06-04T13:21:56:     at next (/Users/xb21/P57/node_modules/express/lib/router/route.js:149:13)
2025-06-04T13:21:56:     at Route.dispatch (/Users/xb21/P57/node_modules/express/lib/router/route.js:119:3)
2025-06-04T13:21:56:     at Layer.handle [as handle_request] (/Users/xb21/P57/node_modules/express/lib/router/layer.js:95:5)
2025-06-04T13:21:56:     at /Users/xb21/P57/node_modules/express/lib/router/index.js:284:15
2025-06-04T13:21:56:     at Function.process_params (/Users/xb21/P57/node_modules/express/lib/router/index.js:346:12)
2025-06-04T13:21:56:     at next (/Users/xb21/P57/node_modules/express/lib/router/index.js:280:10)
2025-06-04T13:21:56:     at file:///Users/xb21/P57/dist/index.js:824:3
2025-06-04T13:21:56: Error searching protocols: TypeError: Cannot read properties of null (reading 'select')
2025-06-04T13:21:56:     at HybridStorage.searchProtocols (file:///Users/xb21/P57/dist/index.js:530:33)
2025-06-04T13:21:56:     at file:///Users/xb21/P57/dist/index.js:598:36
2025-06-04T13:21:56:     at Layer.handle [as handle_request] (/Users/xb21/P57/node_modules/express/lib/router/layer.js:95:5)
2025-06-04T13:21:56:     at next (/Users/xb21/P57/node_modules/express/lib/router/route.js:149:13)
2025-06-04T13:21:56:     at Route.dispatch (/Users/xb21/P57/node_modules/express/lib/router/route.js:119:3)
2025-06-04T13:21:56:     at Layer.handle [as handle_request] (/Users/xb21/P57/node_modules/express/lib/router/layer.js:95:5)
2025-06-04T13:21:56:     at /Users/xb21/P57/node_modules/express/lib/router/index.js:284:15
2025-06-04T13:21:56:     at Function.process_params (/Users/xb21/P57/node_modules/express/lib/router/index.js:346:12)
2025-06-04T13:21:56:     at next (/Users/xb21/P57/node_modules/express/lib/router/index.js:280:10)
2025-06-04T13:21:56:     at file:///Users/xb21/P57/dist/index.js:824:3
2025-06-08T11:42:24: Warning: connect.session() MemoryStore is not
2025-06-08T11:42:24: designed for a production environment, as it will leak
2025-06-08T11:42:24: memory, and will not scale past a single process.
2025-06-08T12:01:11: Warning: connect.session() MemoryStore is not
2025-06-08T12:01:11: designed for a production environment, as it will leak
2025-06-08T12:01:11: memory, and will not scale past a single process.
2025-06-08T12:01:26: ❌ ATMOS token error: TypeError: fetch failed
2025-06-08T12:01:26:     at node:internal/deps/undici/undici:13510:13
2025-06-08T12:01:26:     at process.processTicksAndRejections (node:internal/process/task_queues:95:5)
2025-06-08T12:01:26:     at async AtmosService.getAccessToken (file:///Users/xb21/P57/dist/index.js:2515:24)
2025-06-08T12:01:26:     at async file:///Users/xb21/P57/dist/index.js:2803:7 {
2025-06-08T12:01:26:   [cause]: ConnectTimeoutError: Connect Timeout Error (attempted address: api.atmos.uz:443, timeout: 10000ms)
2025-06-08T12:01:26:       at onConnectTimeout (node:internal/deps/undici/undici:2602:28)
2025-06-08T12:01:26:       at Immediate._onImmediate (node:internal/deps/undici/undici:2583:11)
2025-06-08T12:01:26:       at process.processImmediate (node:internal/timers:483:21) {
2025-06-08T12:01:26:     code: 'UND_ERR_CONNECT_TIMEOUT'
2025-06-08T12:01:26:   }
2025-06-08T12:01:26: }
2025-06-08T12:01:26: ❌ ATMOS test error: Error: Failed to get ATMOS access token: TypeError: fetch failed
2025-06-08T12:01:26:     at AtmosService.getAccessToken (file:///Users/xb21/P57/dist/index.js:2537:13)
2025-06-08T12:01:26:     at process.processTicksAndRejections (node:internal/process/task_queues:95:5)
2025-06-08T12:01:26:     at async file:///Users/xb21/P57/dist/index.js:2803:7
2025-06-08T12:24:16: Warning: connect.session() MemoryStore is not
2025-06-08T12:24:16: designed for a production environment, as it will leak
2025-06-08T12:24:16: memory, and will not scale past a single process.
2025-06-08T12:32:13: Warning: connect.session() MemoryStore is not
2025-06-08T12:32:13: designed for a production environment, as it will leak
2025-06-08T12:32:13: memory, and will not scale past a single process.
2025-06-08T12:32:38: Warning: connect.session() MemoryStore is not
2025-06-08T12:32:38: designed for a production environment, as it will leak
2025-06-08T12:32:38: memory, and will not scale past a single process.
2025-06-08T12:38:09: Warning: connect.session() MemoryStore is not
2025-06-08T12:38:09: designed for a production environment, as it will leak
2025-06-08T12:38:09: memory, and will not scale past a single process.
2025-06-08T12:41:22: Warning: connect.session() MemoryStore is not
2025-06-08T12:41:22: designed for a production environment, as it will leak
2025-06-08T12:41:22: memory, and will not scale past a single process.
2025-06-08T12:45:23: Warning: connect.session() MemoryStore is not
2025-06-08T12:45:23: designed for a production environment, as it will leak
2025-06-08T12:45:23: memory, and will not scale past a single process.
2025-06-08T12:48:36: Warning: connect.session() MemoryStore is not
2025-06-08T12:48:36: designed for a production environment, as it will leak
2025-06-08T12:48:36: memory, and will not scale past a single process.
2025-06-08T12:54:21: Warning: connect.session() MemoryStore is not
2025-06-08T12:54:21: designed for a production environment, as it will leak
2025-06-08T12:54:21: memory, and will not scale past a single process.
2025-06-08T12:55:18: Warning: connect.session() MemoryStore is not
2025-06-08T12:55:18: designed for a production environment, as it will leak
2025-06-08T12:55:18: memory, and will not scale past a single process.
2025-06-08T12:55:46: Warning: connect.session() MemoryStore is not
2025-06-08T12:55:46: designed for a production environment, as it will leak
2025-06-08T12:55:46: memory, and will not scale past a single process.
2025-06-08T12:57:09: Warning: connect.session() MemoryStore is not
2025-06-08T12:57:09: designed for a production environment, as it will leak
2025-06-08T12:57:09: memory, and will not scale past a single process.
2025-06-08T12:57:31: Warning: connect.session() MemoryStore is not
2025-06-08T12:57:31: designed for a production environment, as it will leak
2025-06-08T12:57:31: memory, and will not scale past a single process.
2025-06-08T13:00:45: Warning: connect.session() MemoryStore is not
2025-06-08T13:00:45: designed for a production environment, as it will leak
2025-06-08T13:00:45: memory, and will not scale past a single process.
2025-06-08T13:34:32: ❌ ATMOS token error: TypeError: fetch failed
2025-06-08T13:34:32:     at node:internal/deps/undici/undici:13510:13
2025-06-08T13:34:32:     at process.processTicksAndRejections (node:internal/process/task_queues:95:5)
2025-06-08T13:34:32:     at async AtmosService.getAccessToken (file:///Users/xb21/P57/dist/index.js:2515:24)
2025-06-08T13:34:32:     at async file:///Users/xb21/P57/dist/index.js:2806:7 {
2025-06-08T13:34:32:   [cause]: ConnectTimeoutError: Connect Timeout Error (attempted address: api.atmos.uz:443, timeout: 10000ms)
2025-06-08T13:34:32:       at onConnectTimeout (node:internal/deps/undici/undici:2602:28)
2025-06-08T13:34:32:       at Immediate._onImmediate (node:internal/deps/undici/undici:2583:11)
2025-06-08T13:34:32:       at process.processImmediate (node:internal/timers:483:21) {
2025-06-08T13:34:32:     code: 'UND_ERR_CONNECT_TIMEOUT'
2025-06-08T13:34:32:   }
2025-06-08T13:34:32: }
2025-06-08T13:34:32: ❌ ATMOS test error: Error: Failed to get ATMOS access token: TypeError: fetch failed
2025-06-08T13:34:32:     at AtmosService.getAccessToken (file:///Users/xb21/P57/dist/index.js:2537:13)
2025-06-08T13:34:32:     at process.processTicksAndRejections (node:internal/process/task_queues:95:5)
2025-06-08T13:34:32:     at async file:///Users/xb21/P57/dist/index.js:2806:7
2025-06-08T13:38:14: Warning: connect.session() MemoryStore is not
2025-06-08T13:38:14: designed for a production environment, as it will leak
2025-06-08T13:38:14: memory, and will not scale past a single process.
2025-06-08T13:52:21: Warning: connect.session() MemoryStore is not
2025-06-08T13:52:21: designed for a production environment, as it will leak
2025-06-08T13:52:21: memory, and will not scale past a single process.
2025-06-08T13:54:37: Warning: connect.session() MemoryStore is not
2025-06-08T13:54:37: designed for a production environment, as it will leak
2025-06-08T13:54:37: memory, and will not scale past a single process.
2025-06-08T13:55:48: Warning: connect.session() MemoryStore is not
2025-06-08T13:55:48: designed for a production environment, as it will leak
2025-06-08T13:55:48: memory, and will not scale past a single process.
2025-06-08T14:03:01: Warning: connect.session() MemoryStore is not
2025-06-08T14:03:01: designed for a production environment, as it will leak
2025-06-08T14:03:01: memory, and will not scale past a single process.
2025-06-11T18:18:02: Warning: connect.session() MemoryStore is not
2025-06-11T18:18:02: designed for a production environment, as it will leak
2025-06-11T18:18:02: memory, and will not scale past a single process.
2025-06-18T15:01:03: Error: Cannot find module @rollup/rollup-darwin-arm64. npm has a bug related to optional dependencies (https://github.com/npm/cli/issues/4828). Please try `npm i` again after removing both package-lock.json and node_modules directory.
2025-06-18T15:01:03:     at requireWithFriendlyError (/Users/xb21/P57/node_modules/rollup/dist/native.js:63:9)
2025-06-18T15:01:03:     at Object.<anonymous> (/Users/xb21/P57/node_modules/rollup/dist/native.js:72:76)
2025-06-18T15:01:03:     at Module._compile (node:internal/modules/cjs/loader:1529:14)
2025-06-18T15:01:03:     at Module._extensions..js (node:internal/modules/cjs/loader:1613:10)
2025-06-18T15:01:03:     at Module.load (node:internal/modules/cjs/loader:1275:32)
2025-06-18T15:01:03:     at Module._load (node:internal/modules/cjs/loader:1096:12)
2025-06-18T15:01:03:     at cjsLoader (node:internal/modules/esm/translators:298:15)
2025-06-18T15:01:03:     at ModuleWrap.<anonymous> (node:internal/modules/esm/translators:240:7)
2025-06-18T15:01:03:     at ModuleJob.run (node:internal/modules/esm/module_job:263:25)
2025-06-18T15:01:03:     at async ModuleLoader.import (node:internal/modules/esm/loader:540:24) {
2025-06-18T15:01:03:   [cause]: Error: dlopen(/Users/xb21/P57/node_modules/@rollup/rollup-darwin-arm64/rollup.darwin-arm64.node, 0x0001): tried: '/Users/xb21/P57/node_modules/@rollup/rollup-darwin-arm64/rollup.darwin-arm64.node' (code signature in <B5338D0E-CEC1-3E32-8102-F2AB325AB0F6> '/Users/xb21/P57/node_modules/@rollup/rollup-darwin-arm64/rollup.darwin-arm64.node' not valid for use in process: library load denied by system policy), '/System/Volumes/Preboot/Cryptexes/OS/Users/xb21/P57/node_modules/@rollup/rollup-darwin-arm64/rollup.darwin-arm64.node' (no such file), '/Users/xb21/P57/node_modules/@rollup/rollup-darwin-arm64/rollup.darwin-arm64.node' (code signature in <B5338D0E-CEC1-3E32-8102-F2AB325AB0F6> '/Users/xb21/P57/node_modules/@rollup/rollup-darwin-arm64/rollup.darwin-arm64.node' not valid for use in process: library load denied by system policy)
2025-06-18T15:01:03:       at Module._extensions..node (node:internal/modules/cjs/loader:1651:18)
2025-06-18T15:01:03:       at Module.load (node:internal/modules/cjs/loader:1275:32)
2025-06-18T15:01:03:       at Module._load (node:internal/modules/cjs/loader:1096:12)
2025-06-18T15:01:03:       at Module.require (node:internal/modules/cjs/loader:1298:19)
2025-06-18T15:01:03:       at Hook._require.Module.require (/opt/homebrew/lib/node_modules/pm2/node_modules/require-in-the-middle/index.js:101:39)
2025-06-18T15:01:03:       at require (node:internal/modules/helpers:182:18)
2025-06-18T15:01:03:       at requireWithFriendlyError (/Users/xb21/P57/node_modules/rollup/dist/native.js:45:10)
2025-06-18T15:01:03:       at Object.<anonymous> (/Users/xb21/P57/node_modules/rollup/dist/native.js:72:76)
2025-06-18T15:01:03:       at Module._compile (node:internal/modules/cjs/loader:1529:14)
2025-06-18T15:01:03:       at Module._extensions..js (node:internal/modules/cjs/loader:1613:10) {
2025-06-18T15:01:03:     code: 'ERR_DLOPEN_FAILED'
2025-06-18T15:01:03:   }
2025-06-18T15:01:03: }
2025-06-18T15:01:03: Error: Cannot find module @rollup/rollup-darwin-arm64. npm has a bug related to optional dependencies (https://github.com/npm/cli/issues/4828). Please try `npm i` again after removing both package-lock.json and node_modules directory.
2025-06-18T15:01:03:     at requireWithFriendlyError (/Users/xb21/P57/node_modules/rollup/dist/native.js:63:9)
2025-06-18T15:01:03:     at Object.<anonymous> (/Users/xb21/P57/node_modules/rollup/dist/native.js:72:76)
2025-06-18T15:01:03:     at Module._compile (node:internal/modules/cjs/loader:1529:14)
2025-06-18T15:01:03:     at Module._extensions..js (node:internal/modules/cjs/loader:1613:10)
2025-06-18T15:01:03:     at Module.load (node:internal/modules/cjs/loader:1275:32)
2025-06-18T15:01:03:     at Module._load (node:internal/modules/cjs/loader:1096:12)
2025-06-18T15:01:03:     at cjsLoader (node:internal/modules/esm/translators:298:15)
2025-06-18T15:01:03:     at ModuleWrap.<anonymous> (node:internal/modules/esm/translators:240:7)
2025-06-18T15:01:03:     at ModuleJob.run (node:internal/modules/esm/module_job:263:25)
2025-06-18T15:01:03:     at async ModuleLoader.import (node:internal/modules/esm/loader:540:24) {
2025-06-18T15:01:03:   [cause]: Error: dlopen(/Users/xb21/P57/node_modules/@rollup/rollup-darwin-arm64/rollup.darwin-arm64.node, 0x0001): tried: '/Users/xb21/P57/node_modules/@rollup/rollup-darwin-arm64/rollup.darwin-arm64.node' (code signature in <B5338D0E-CEC1-3E32-8102-F2AB325AB0F6> '/Users/xb21/P57/node_modules/@rollup/rollup-darwin-arm64/rollup.darwin-arm64.node' not valid for use in process: library load denied by system policy), '/System/Volumes/Preboot/Cryptexes/OS/Users/xb21/P57/node_modules/@rollup/rollup-darwin-arm64/rollup.darwin-arm64.node' (no such file), '/Users/xb21/P57/node_modules/@rollup/rollup-darwin-arm64/rollup.darwin-arm64.node' (code signature in <B5338D0E-CEC1-3E32-8102-F2AB325AB0F6> '/Users/xb21/P57/node_modules/@rollup/rollup-darwin-arm64/rollup.darwin-arm64.node' not valid for use in process: library load denied by system policy)
2025-06-18T15:01:03:       at Module._extensions..node (node:internal/modules/cjs/loader:1651:18)
2025-06-18T15:01:03:       at Module.load (node:internal/modules/cjs/loader:1275:32)
2025-06-18T15:01:03:       at Module._load (node:internal/modules/cjs/loader:1096:12)
2025-06-18T15:01:03:       at Module.require (node:internal/modules/cjs/loader:1298:19)
2025-06-18T15:01:03:       at Hook._require.Module.require (/opt/homebrew/lib/node_modules/pm2/node_modules/require-in-the-middle/index.js:101:39)
2025-06-18T15:01:03:       at require (node:internal/modules/helpers:182:18)
2025-06-18T15:01:03:       at requireWithFriendlyError (/Users/xb21/P57/node_modules/rollup/dist/native.js:45:10)
2025-06-18T15:01:03:       at Object.<anonymous> (/Users/xb21/P57/node_modules/rollup/dist/native.js:72:76)
2025-06-18T15:01:03:       at Module._compile (node:internal/modules/cjs/loader:1529:14)
2025-06-18T15:01:03:       at Module._extensions..js (node:internal/modules/cjs/loader:1613:10) {
2025-06-18T15:01:03:     code: 'ERR_DLOPEN_FAILED'
2025-06-18T15:01:03:   }
2025-06-18T15:01:03: }
